c:\users\woopc\source\repos\esper\client\esperclient_ui\esperclient\debug\esperclient.pch
c:\users\woopc\source\repos\esper\client\esperclient_ui\esperclient\debug\vc140.pdb
c:\users\woopc\source\repos\esper\client\esperclient_ui\esperclient\debug\vc140.idb
c:\users\woopc\source\repos\esper\client\esperclient_ui\esperclient\debug\stdafx.obj
c:\users\woopc\source\repos\esper\client\esperclient_ui\esperclient\debug\communication.obj
c:\users\woopc\source\repos\esper\client\esperclient_ui\esperclient\debug\esperclient.obj
c:\users\woopc\source\repos\esper\client\esperclient_ui\esperclient\debug\filelayer.obj
c:\users\woopc\source\repos\esper\client\esperclient_ui\esperclient\debug\joindlg.obj
c:\users\woopc\source\repos\esper\client\esperclient_ui\esperclient\debug\logindlg.obj
c:\users\woopc\source\repos\esper\client\esperclient_ui\esperclient\debug\settingdlg.obj
c:\users\woopc\source\repos\esper\client\esperclient_ui\esperclient\debug\jsoncpp.obj
c:\users\woopc\source\repos\esper\client\esperclient_ui\esperclient\debug\wrapdlg.obj
c:\users\woopc\source\repos\esper\client\esperclient_ui\esperclient\debug\esperclientdlg.obj
c:\users\woopc\source\repos\esper\client\esperclient_ui\debug\esperclient.exe
c:\users\woopc\source\repos\esper\client\esperclient_ui\debug\esperclient.pdb
c:\users\woopc\source\repos\esper\client\esperclient_ui\esperclient\debug\esperclient.res
c:\users\woopc\source\repos\esper\client\esperclient_ui\esperclient\debug\wrapctrlbox.obj
c:\users\woopc\source\repos\esper\client\esperclient_ui\esperclient\debug\wraplistbox.obj
c:\users\woopc\source\repos\esper\client\esperclient_ui\esperclient\debug\esperclient.tlog\cl.command.1.tlog
c:\users\woopc\source\repos\esper\client\esperclient_ui\esperclient\debug\esperclient.tlog\cl.read.1.tlog
c:\users\woopc\source\repos\esper\client\esperclient_ui\esperclient\debug\esperclient.tlog\cl.write.1.tlog
c:\users\woopc\source\repos\esper\client\esperclient_ui\esperclient\debug\esperclient.tlog\link.command.1.tlog
c:\users\woopc\source\repos\esper\client\esperclient_ui\esperclient\debug\esperclient.tlog\link.read.1.tlog
c:\users\woopc\source\repos\esper\client\esperclient_ui\esperclient\debug\esperclient.tlog\link.write.1.tlog
c:\users\woopc\source\repos\esper\client\esperclient_ui\esperclient\debug\esperclient.tlog\rc.command.1.tlog
c:\users\woopc\source\repos\esper\client\esperclient_ui\esperclient\debug\esperclient.tlog\rc.read.1.tlog
c:\users\woopc\source\repos\esper\client\esperclient_ui\esperclient\debug\esperclient.tlog\rc.write.1.tlog
