  stdafx.cpp
c:\program files (x86)\microsoft visual studio 14.0\vc\atlmfc\include\afx.h(38): warning C4996: 'MBCS_Support_Deprecated_In_MFC': MBCS support in MFC is deprecated and may be removed in a future version of MFC.
  c:\program files (x86)\microsoft visual studio 14.0\vc\atlmfc\include\afx.h(33): note: 'MBCS_Support_Deprecated_In_MFC' 선언을 참조하십시오.
  WrapDlg.cpp
c:\program files (x86)\microsoft visual studio 14.0\vc\atlmfc\include\afx.h(38): warning C4996: 'MBCS_Support_Deprecated_In_MFC': MBCS support in MFC is deprecated and may be removed in a future version of MFC.
  c:\program files (x86)\microsoft visual studio 14.0\vc\atlmfc\include\afx.h(33): note: 'MBCS_Support_Deprecated_In_MFC' 선언을 참조하십시오.
  _WIN32_WINNT not defined. Defaulting to _WIN32_WINNT_MAXVER (see WinSDKVer.h)
c:\users\woopc\source\repos\esper\client\esperclient_ui\lib\include\algparam.h(277): warning C4297: 'CryptoPP::AlgorithmParametersBase::~AlgorithmParametersBase': 함수는 예외를 Throw하지 않도록 지정되었으나 예외를 Throw했습니다.
  c:\users\woopc\source\repos\esper\client\esperclient_ui\lib\include\algparam.h(277): note: 소멸자 또는 비할당자는 가능하면 암시적으로 throw되지 않는 예외 사양을 사용합니다.
  SettingDlg.cpp
c:\program files (x86)\microsoft visual studio 14.0\vc\atlmfc\include\afx.h(38): warning C4996: 'MBCS_Support_Deprecated_In_MFC': MBCS support in MFC is deprecated and may be removed in a future version of MFC.
  c:\program files (x86)\microsoft visual studio 14.0\vc\atlmfc\include\afx.h(33): note: 'MBCS_Support_Deprecated_In_MFC' 선언을 참조하십시오.
  LoginDlg.cpp
c:\program files (x86)\microsoft visual studio 14.0\vc\atlmfc\include\afx.h(38): warning C4996: 'MBCS_Support_Deprecated_In_MFC': MBCS support in MFC is deprecated and may be removed in a future version of MFC.
  c:\program files (x86)\microsoft visual studio 14.0\vc\atlmfc\include\afx.h(33): note: 'MBCS_Support_Deprecated_In_MFC' 선언을 참조하십시오.
  _WIN32_WINNT not defined. Defaulting to _WIN32_WINNT_MAXVER (see WinSDKVer.h)
  jsoncpp.cpp
  JoinDlg.cpp
c:\program files (x86)\microsoft visual studio 14.0\vc\atlmfc\include\afx.h(38): warning C4996: 'MBCS_Support_Deprecated_In_MFC': MBCS support in MFC is deprecated and may be removed in a future version of MFC.
  c:\program files (x86)\microsoft visual studio 14.0\vc\atlmfc\include\afx.h(33): note: 'MBCS_Support_Deprecated_In_MFC' 선언을 참조하십시오.
  FileLayer.cpp
c:\users\woopc\source\repos\esper\client\esperclient_ui\lib\include\algparam.h(277): warning C4297: 'CryptoPP::AlgorithmParametersBase::~AlgorithmParametersBase': 함수는 예외를 Throw하지 않도록 지정되었으나 예외를 Throw했습니다.
  c:\users\woopc\source\repos\esper\client\esperclient_ui\lib\include\algparam.h(277): note: 소멸자 또는 비할당자는 가능하면 암시적으로 throw되지 않는 예외 사양을 사용합니다.
c:\users\woopc\source\repos\esper\client\esperclient_ui\esperclient\filelayer.cpp(240): warning C4267: '=': 'size_t'에서 'unsigned char'(으)로 변환하면서 데이터가 손실될 수 있습니다.
c:\users\woopc\source\repos\esper\client\esperclient_ui\esperclient\filelayer.cpp(257): warning C4267: '=': 'size_t'에서 'unsigned char'(으)로 변환하면서 데이터가 손실될 수 있습니다.
  EsperClientDlg.cpp
c:\program files (x86)\microsoft visual studio 14.0\vc\atlmfc\include\afx.h(38): warning C4996: 'MBCS_Support_Deprecated_In_MFC': MBCS support in MFC is deprecated and may be removed in a future version of MFC.
  c:\program files (x86)\microsoft visual studio 14.0\vc\atlmfc\include\afx.h(33): note: 'MBCS_Support_Deprecated_In_MFC' 선언을 참조하십시오.
  _WIN32_WINNT not defined. Defaulting to _WIN32_WINNT_MAXVER (see WinSDKVer.h)
  EsperClient.cpp
c:\program files (x86)\microsoft visual studio 14.0\vc\atlmfc\include\afx.h(38): warning C4996: 'MBCS_Support_Deprecated_In_MFC': MBCS support in MFC is deprecated and may be removed in a future version of MFC.
  c:\program files (x86)\microsoft visual studio 14.0\vc\atlmfc\include\afx.h(33): note: 'MBCS_Support_Deprecated_In_MFC' 선언을 참조하십시오.
  Communication.cpp
  AccessDlg.cpp
c:\program files (x86)\microsoft visual studio 14.0\vc\atlmfc\include\afx.h(38): warning C4996: 'MBCS_Support_Deprecated_In_MFC': MBCS support in MFC is deprecated and may be removed in a future version of MFC.
  c:\program files (x86)\microsoft visual studio 14.0\vc\atlmfc\include\afx.h(33): note: 'MBCS_Support_Deprecated_In_MFC' 선언을 참조하십시오.
  코드를 생성하고 있습니다...
c:\users\woopc\source\repos\esper\client\esperclient_ui\esperclient\esperclientdlg.cpp(247): warning C4715: 'CEsperClientDlg::OnInitDialog': 모든 제어 경로에서 값을 반환하지는 않습니다.
LINK : warning LNK4075: '/INCREMENTAL'이(가) '/FORCE' 사양으로 인해 무시됩니다.
AccessDlg.obj : warning LNK4075: '/EDITANDCONTINUE'이(가) '/OPT:LBR' 사양으로 인해 무시됩니다.
cryptlib.lib(algparam.obj) : warning LNK4099: 'vc80.pdb' PDB를 'cryptlib.lib(algparam.obj)' 또는 'C:\Users\wooPC\Source\Repos\Esper\Client\EsperClient_UI\Debug\vc80.pdb'에서 찾을 수 없습니다. 디버그 정보가 없는 것처럼 개체를 링크합니다.
cryptlib.lib(asn.obj) : warning LNK4099: 'vc80.pdb' PDB를 'cryptlib.lib(asn.obj)' 또는 'C:\Users\wooPC\Source\Repos\Esper\Client\EsperClient_UI\Debug\vc80.pdb'에서 찾을 수 없습니다. 디버그 정보가 없는 것처럼 개체를 링크합니다.
cryptlib.lib(basecode.obj) : warning LNK4099: 'vc80.pdb' PDB를 'cryptlib.lib(basecode.obj)' 또는 'C:\Users\wooPC\Source\Repos\Esper\Client\EsperClient_UI\Debug\vc80.pdb'에서 찾을 수 없습니다. 디버그 정보가 없는 것처럼 개체를 링크합니다.
cryptlib.lib(cpu.obj) : warning LNK4099: 'vc80.pdb' PDB를 'cryptlib.lib(cpu.obj)' 또는 'C:\Users\wooPC\Source\Repos\Esper\Client\EsperClient_UI\Debug\vc80.pdb'에서 찾을 수 없습니다. 디버그 정보가 없는 것처럼 개체를 링크합니다.
cryptlib.lib(cryptlib.obj) : warning LNK4099: 'vc80.pdb' PDB를 'cryptlib.lib(cryptlib.obj)' 또는 'C:\Users\wooPC\Source\Repos\Esper\Client\EsperClient_UI\Debug\vc80.pdb'에서 찾을 수 없습니다. 디버그 정보가 없는 것처럼 개체를 링크합니다.
cryptlib.lib(des.obj) : warning LNK4099: 'vc80.pdb' PDB를 'cryptlib.lib(des.obj)' 또는 'C:\Users\wooPC\Source\Repos\Esper\Client\EsperClient_UI\Debug\vc80.pdb'에서 찾을 수 없습니다. 디버그 정보가 없는 것처럼 개체를 링크합니다.
cryptlib.lib(dessp.obj) : warning LNK4099: 'vc80.pdb' PDB를 'cryptlib.lib(dessp.obj)' 또는 'C:\Users\wooPC\Source\Repos\Esper\Client\EsperClient_UI\Debug\vc80.pdb'에서 찾을 수 없습니다. 디버그 정보가 없는 것처럼 개체를 링크합니다.
cryptlib.lib(dll.obj) : warning LNK4099: 'vc80.pdb' PDB를 'cryptlib.lib(dll.obj)' 또는 'C:\Users\wooPC\Source\Repos\Esper\Client\EsperClient_UI\Debug\vc80.pdb'에서 찾을 수 없습니다. 디버그 정보가 없는 것처럼 개체를 링크합니다.
cryptlib.lib(ec2n.obj) : warning LNK4099: 'vc80.pdb' PDB를 'cryptlib.lib(ec2n.obj)' 또는 'C:\Users\wooPC\Source\Repos\Esper\Client\EsperClient_UI\Debug\vc80.pdb'에서 찾을 수 없습니다. 디버그 정보가 없는 것처럼 개체를 링크합니다.
cryptlib.lib(ecp.obj) : warning LNK4099: 'vc80.pdb' PDB를 'cryptlib.lib(ecp.obj)' 또는 'C:\Users\wooPC\Source\Repos\Esper\Client\EsperClient_UI\Debug\vc80.pdb'에서 찾을 수 없습니다. 디버그 정보가 없는 것처럼 개체를 링크합니다.
cryptlib.lib(filters.obj) : warning LNK4099: 'vc80.pdb' PDB를 'cryptlib.lib(filters.obj)' 또는 'C:\Users\wooPC\Source\Repos\Esper\Client\EsperClient_UI\Debug\vc80.pdb'에서 찾을 수 없습니다. 디버그 정보가 없는 것처럼 개체를 링크합니다.
cryptlib.lib(fips140.obj) : warning LNK4099: 'vc80.pdb' PDB를 'cryptlib.lib(fips140.obj)' 또는 'C:\Users\wooPC\Source\Repos\Esper\Client\EsperClient_UI\Debug\vc80.pdb'에서 찾을 수 없습니다. 디버그 정보가 없는 것처럼 개체를 링크합니다.
cryptlib.lib(gf2n.obj) : warning LNK4099: 'vc80.pdb' PDB를 'cryptlib.lib(gf2n.obj)' 또는 'C:\Users\wooPC\Source\Repos\Esper\Client\EsperClient_UI\Debug\vc80.pdb'에서 찾을 수 없습니다. 디버그 정보가 없는 것처럼 개체를 링크합니다.
cryptlib.lib(gfpcrypt.obj) : warning LNK4099: 'vc80.pdb' PDB를 'cryptlib.lib(gfpcrypt.obj)' 또는 'C:\Users\wooPC\Source\Repos\Esper\Client\EsperClient_UI\Debug\vc80.pdb'에서 찾을 수 없습니다. 디버그 정보가 없는 것처럼 개체를 링크합니다.
cryptlib.lib(hex.obj) : warning LNK4099: 'vc80.pdb' PDB를 'cryptlib.lib(hex.obj)' 또는 'C:\Users\wooPC\Source\Repos\Esper\Client\EsperClient_UI\Debug\vc80.pdb'에서 찾을 수 없습니다. 디버그 정보가 없는 것처럼 개체를 링크합니다.
cryptlib.lib(hmac.obj) : warning LNK4099: 'vc80.pdb' PDB를 'cryptlib.lib(hmac.obj)' 또는 'C:\Users\wooPC\Source\Repos\Esper\Client\EsperClient_UI\Debug\vc80.pdb'에서 찾을 수 없습니다. 디버그 정보가 없는 것처럼 개체를 링크합니다.
cryptlib.lib(hrtimer.obj) : warning LNK4099: 'vc80.pdb' PDB를 'cryptlib.lib(hrtimer.obj)' 또는 'C:\Users\wooPC\Source\Repos\Esper\Client\EsperClient_UI\Debug\vc80.pdb'에서 찾을 수 없습니다. 디버그 정보가 없는 것처럼 개체를 링크합니다.
cryptlib.lib(integer.obj) : warning LNK4099: 'vc80.pdb' PDB를 'cryptlib.lib(integer.obj)' 또는 'C:\Users\wooPC\Source\Repos\Esper\Client\EsperClient_UI\Debug\vc80.pdb'에서 찾을 수 없습니다. 디버그 정보가 없는 것처럼 개체를 링크합니다.
cryptlib.lib(iterhash.obj) : warning LNK4099: 'vc80.pdb' PDB를 'cryptlib.lib(iterhash.obj)' 또는 'C:\Users\wooPC\Source\Repos\Esper\Client\EsperClient_UI\Debug\vc80.pdb'에서 찾을 수 없습니다. 디버그 정보가 없는 것처럼 개체를 링크합니다.
cryptlib.lib(misc.obj) : warning LNK4099: 'vc80.pdb' PDB를 'cryptlib.lib(misc.obj)' 또는 'C:\Users\wooPC\Source\Repos\Esper\Client\EsperClient_UI\Debug\vc80.pdb'에서 찾을 수 없습니다. 디버그 정보가 없는 것처럼 개체를 링크합니다.
cryptlib.lib(modes.obj) : warning LNK4099: 'vc80.pdb' PDB를 'cryptlib.lib(modes.obj)' 또는 'C:\Users\wooPC\Source\Repos\Esper\Client\EsperClient_UI\Debug\vc80.pdb'에서 찾을 수 없습니다. 디버그 정보가 없는 것처럼 개체를 링크합니다.
cryptlib.lib(mqueue.obj) : warning LNK4099: 'vc80.pdb' PDB를 'cryptlib.lib(mqueue.obj)' 또는 'C:\Users\wooPC\Source\Repos\Esper\Client\EsperClient_UI\Debug\vc80.pdb'에서 찾을 수 없습니다. 디버그 정보가 없는 것처럼 개체를 링크합니다.
cryptlib.lib(nbtheory.obj) : warning LNK4099: 'vc80.pdb' PDB를 'cryptlib.lib(nbtheory.obj)' 또는 'C:\Users\wooPC\Source\Repos\Esper\Client\EsperClient_UI\Debug\vc80.pdb'에서 찾을 수 없습니다. 디버그 정보가 없는 것처럼 개체를 링크합니다.
cryptlib.lib(osrng.obj) : warning LNK4099: 'vc80.pdb' PDB를 'cryptlib.lib(osrng.obj)' 또는 'C:\Users\wooPC\Source\Repos\Esper\Client\EsperClient_UI\Debug\vc80.pdb'에서 찾을 수 없습니다. 디버그 정보가 없는 것처럼 개체를 링크합니다.
cryptlib.lib(pch.obj) : warning LNK4099: 'vc80.pdb' PDB를 'cryptlib.lib(pch.obj)' 또는 'C:\Users\wooPC\Source\Repos\Esper\Client\EsperClient_UI\Debug\vc80.pdb'에서 찾을 수 없습니다. 디버그 정보가 없는 것처럼 개체를 링크합니다.
cryptlib.lib(pubkey.obj) : warning LNK4099: 'vc80.pdb' PDB를 'cryptlib.lib(pubkey.obj)' 또는 'C:\Users\wooPC\Source\Repos\Esper\Client\EsperClient_UI\Debug\vc80.pdb'에서 찾을 수 없습니다. 디버그 정보가 없는 것처럼 개체를 링크합니다.
cryptlib.lib(queue.obj) : warning LNK4099: 'vc80.pdb' PDB를 'cryptlib.lib(queue.obj)' 또는 'C:\Users\wooPC\Source\Repos\Esper\Client\EsperClient_UI\Debug\vc80.pdb'에서 찾을 수 없습니다. 디버그 정보가 없는 것처럼 개체를 링크합니다.
cryptlib.lib(randpool.obj) : warning LNK4099: 'vc80.pdb' PDB를 'cryptlib.lib(randpool.obj)' 또는 'C:\Users\wooPC\Source\Repos\Esper\Client\EsperClient_UI\Debug\vc80.pdb'에서 찾을 수 없습니다. 디버그 정보가 없는 것처럼 개체를 링크합니다.
cryptlib.lib(rdtables.obj) : warning LNK4099: 'vc80.pdb' PDB를 'cryptlib.lib(rdtables.obj)' 또는 'C:\Users\wooPC\Source\Repos\Esper\Client\EsperClient_UI\Debug\vc80.pdb'에서 찾을 수 없습니다. 디버그 정보가 없는 것처럼 개체를 링크합니다.
cryptlib.lib(rijndael.obj) : warning LNK4099: 'vc80.pdb' PDB를 'cryptlib.lib(rijndael.obj)' 또는 'C:\Users\wooPC\Source\Repos\Esper\Client\EsperClient_UI\Debug\vc80.pdb'에서 찾을 수 없습니다. 디버그 정보가 없는 것처럼 개체를 링크합니다.
cryptlib.lib(rng.obj) : warning LNK4099: 'vc80.pdb' PDB를 'cryptlib.lib(rng.obj)' 또는 'C:\Users\wooPC\Source\Repos\Esper\Client\EsperClient_UI\Debug\vc80.pdb'에서 찾을 수 없습니다. 디버그 정보가 없는 것처럼 개체를 링크합니다.
cryptlib.lib(sha.obj) : warning LNK4099: 'vc80.pdb' PDB를 'cryptlib.lib(sha.obj)' 또는 'C:\Users\wooPC\Source\Repos\Esper\Client\EsperClient_UI\Debug\vc80.pdb'에서 찾을 수 없습니다. 디버그 정보가 없는 것처럼 개체를 링크합니다.
  EsperClient.vcxproj -> C:\Users\wooPC\Source\Repos\Esper\Client\EsperClient_UI\Debug\EsperClient.exe
