빌드 시작: 2016-01-11 오후 3:51:02
     1>2 노드의 "C:\Users\wooPC\Source\Repos\Esper\Client\EsperClient\EsperClient\EsperClient.vcxproj" 프로젝트(Build 대상)입니다.
     1>ClCompile:
         C:\Program Files (x86)\Microsoft Visual Studio 14.0\VC\bin\CL.exe /c /ZI /nologo /W3 /WX- /sdl /Od /Oy- /D WIN32 /D _WINDOWS /D _DEBUG /D _UNICODE /D UNICODE /D _AFXDLL /Gm /EHsc /RTC1 /MDd /GS /fp:precise /Zc:wchar_t /Zc:forScope /Zc:inline /Yc"stdafx.h" /Fp"Debug\EsperClient.pch" /Fo"Debug\\" /Fd"Debug\vc140.pdb" /Gd /TP /analyze- /errorReport:prompt stdafx.cpp
         stdafx.cpp
         C:\Program Files (x86)\Microsoft Visual Studio 14.0\VC\bin\CL.exe /c /ZI /nologo /W3 /WX- /sdl /Od /Oy- /D WIN32 /D _WINDOWS /D _DEBUG /D _UNICODE /D UNICODE /D _AFXDLL /Gm /EHsc /RTC1 /MDd /GS /fp:precise /Zc:wchar_t /Zc:forScope /Zc:inline /Yu"stdafx.h" /Fp"Debug\EsperClient.pch" /Fo"Debug\\" /Fd"Debug\vc140.pdb" /Gd /TP /analyze- /errorReport:prompt EsperClient.cpp EsperClientDlg.cpp PW_REASK.cpp SettingDlg.cpp WrapDlg.cpp
         WrapDlg.cpp
         SettingDlg.cpp
         PW_REASK.cpp
         EsperClientDlg.cpp
         EsperClient.cpp
         코드를 생성하고 있습니다...
       ResourceCompile:
         C:\Program Files (x86)\Windows Kits\8.1\bin\x86\rc.exe /D _DEBUG /D _UNICODE /D UNICODE /D _AFXDLL /l"0x0412" /IDebug\ /nologo /fo"Debug\EsperClient.res" EsperClient.rc 
       Link:
         C:\Program Files (x86)\Microsoft Visual Studio 14.0\VC\bin\link.exe /ERRORREPORT:PROMPT /OUT:"C:\Users\wooPC\Source\Repos\Esper\Client\EsperClient\Debug\EsperClient.exe" /INCREMENTAL /NOLOGO /MANIFEST /MANIFESTUAC:"level='asInvoker' uiAccess='false'" /manifest:embed /manifestinput:"C:\Program Files (x86)\Microsoft Visual Studio 14.0\VC\Include\Manifest\dpiaware.manifest" /Debug /PDB:"C:\Users\wooPC\Source\Repos\Esper\Client\EsperClient\Debug\EsperClient.pdb" /SUBSYSTEM:WINDOWS /TLBID:1 /ENTRY:"wWinMainCRTStartup" /DYNAMICBASE /NXCOMPAT /IMPLIB:"C:\Users\wooPC\Source\Repos\Esper\Client\EsperClient\Debug\EsperClient.lib" /MACHINE:X86 Debug\EsperClient.res
         Debug\EsperClient.obj
         Debug\EsperClientDlg.obj
         Debug\PW_REASK.obj
         Debug\SettingDlg.obj
         Debug\stdafx.obj
         Debug\WrapDlg.obj
         EsperClient.vcxproj -> C:\Users\wooPC\Source\Repos\Esper\Client\EsperClient\Debug\EsperClient.exe
     1>"C:\Users\wooPC\Source\Repos\Esper\Client\EsperClient\EsperClient\EsperClient.vcxproj" 프로젝트를 빌드했습니다(Build 대상).

빌드했습니다.

경과 시간: 00:00:27.79
