빌드 시작: 2016-03-24 오후 1:31:06
     1>2 노드의 "C:\Users\wooPC\Source\Repos\Esper\Client\EsperClient_UI\EsperClient\EsperClient.vcxproj" 프로젝트(Build 대상)입니다.
     1>ClCompile:
         C:\Program Files (x86)\Microsoft Visual Studio 14.0\VC\bin\x86_amd64\CL.exe /c /IC:\Users\wooPC\Source\Repos\Esper\Client\EsperClient_UI\Lib\include /ZI /nologo /W3 /WX- /sdl /Od /D _WINDOWS /D _DEBUG /D _CRT_SECURE_NO_WARNINGS /D _WINSOCK_DEPRECATED_NO_WARNINGS /D _UNICODE /D UNICODE /D _AFXDLL /Gm /EHsc /RTC1 /MDd /GS /fp:precise /Zc:wchar_t /Zc:forScope /Zc:inline /Yc"stdafx.h" /Fp"x64\Debug\EsperClient.pch" /Fo"x64\Debug\\" /Fd"x64\Debug\vc140.pdb" /Gd /TP /errorReport:prompt stdafx.cpp
         stdafx.cpp
         C:\Program Files (x86)\Microsoft Visual Studio 14.0\VC\bin\x86_amd64\CL.exe /c /IC:\Users\wooPC\Source\Repos\Esper\Client\EsperClient_UI\Lib\include /ZI /nologo /W3 /WX- /sdl /Od /D _WINDOWS /D _DEBUG /D _CRT_SECURE_NO_WARNINGS /D _WINSOCK_DEPRECATED_NO_WARNINGS /D _UNICODE /D UNICODE /D _AFXDLL /Gm /EHsc /RTC1 /MDd /GS /fp:precise /Zc:wchar_t /Zc:forScope /Zc:inline /Fo"x64\Debug\\" /Fd"x64\Debug\vc140.pdb" /Gd /TP /errorReport:prompt Communication.cpp EsperClient.cpp EsperClientDlg.cpp FileLayer.cpp JoinDlg.cpp jsoncpp.cpp LoginDlg.cpp SettingDlg.cpp WrapDlg.cpp
         WrapDlg.cpp
         _WIN32_WINNT not defined. Defaulting to _WIN32_WINNT_MAXVER (see WinSDKVer.h)
     1>c:\users\woopc\source\repos\esper\client\esperclient_ui\lib\include\algparam.h(277): warning C4297: 'CryptoPP::AlgorithmParametersBase::~AlgorithmParametersBase': 함수는 예외를 Throw하지 않도록 지정되었으나 예외를 Throw했습니다.
         c:\users\woopc\source\repos\esper\client\esperclient_ui\lib\include\algparam.h(277): note: 소멸자 또는 비할당자는 가능하면 암시적으로 throw되지 않는 예외 사양을 사용합니다.
     1>c:\users\woopc\source\repos\esper\client\esperclient_ui\esperclient\wrapdlg.cpp(90): warning C4244: '인수': 'SOCKET'에서 'int'(으)로 변환하면서 데이터가 손실될 수 있습니다.
     1>c:\users\woopc\source\repos\esper\client\esperclient_ui\esperclient\wrapdlg.cpp(95): warning C4244: '인수': 'SOCKET'에서 'int'(으)로 변환하면서 데이터가 손실될 수 있습니다.
     1>c:\users\woopc\source\repos\esper\client\esperclient_ui\esperclient\wrapdlg.cpp(149): warning C4244: '인수': 'SOCKET'에서 'int'(으)로 변환하면서 데이터가 손실될 수 있습니다.
     1>c:\users\woopc\source\repos\esper\client\esperclient_ui\esperclient\wrapdlg.cpp(155): warning C4244: '인수': 'SOCKET'에서 'int'(으)로 변환하면서 데이터가 손실될 수 있습니다.
     1>c:\users\woopc\source\repos\esper\client\esperclient_ui\esperclient\wrapdlg.cpp(174): warning C4244: '인수': 'SOCKET'에서 'int'(으)로 변환하면서 데이터가 손실될 수 있습니다.
     1>c:\users\woopc\source\repos\esper\client\esperclient_ui\esperclient\wrapdlg.cpp(176): warning C4244: '인수': 'SOCKET'에서 'int'(으)로 변환하면서 데이터가 손실될 수 있습니다.
         SettingDlg.cpp
         LoginDlg.cpp
         _WIN32_WINNT not defined. Defaulting to _WIN32_WINNT_MAXVER (see WinSDKVer.h)
     1>c:\users\woopc\source\repos\esper\client\esperclient_ui\esperclient\logindlg.cpp(109): warning C4244: '인수': 'SOCKET'에서 'int'(으)로 변환하면서 데이터가 손실될 수 있습니다.
     1>c:\users\woopc\source\repos\esper\client\esperclient_ui\esperclient\logindlg.cpp(113): warning C4244: '인수': 'SOCKET'에서 'int'(으)로 변환하면서 데이터가 손실될 수 있습니다.
         jsoncpp.cpp
         JoinDlg.cpp
     1>c:\users\woopc\source\repos\esper\client\esperclient_ui\esperclient\joindlg.cpp(73): warning C4244: '인수': 'SOCKET'에서 'int'(으)로 변환하면서 데이터가 손실될 수 있습니다.
     1>c:\users\woopc\source\repos\esper\client\esperclient_ui\esperclient\joindlg.cpp(74): warning C4244: '인수': 'SOCKET'에서 'int'(으)로 변환하면서 데이터가 손실될 수 있습니다.
     1>c:\users\woopc\source\repos\esper\client\esperclient_ui\esperclient\joindlg.cpp(126): warning C4244: '인수': 'SOCKET'에서 'int'(으)로 변환하면서 데이터가 손실될 수 있습니다.
     1>c:\users\woopc\source\repos\esper\client\esperclient_ui\esperclient\joindlg.cpp(127): warning C4244: '인수': 'SOCKET'에서 'int'(으)로 변환하면서 데이터가 손실될 수 있습니다.
     1>c:\users\woopc\source\repos\esper\client\esperclient_ui\esperclient\joindlg.cpp(170): warning C4244: '인수': 'SOCKET'에서 'int'(으)로 변환하면서 데이터가 손실될 수 있습니다.
     1>c:\users\woopc\source\repos\esper\client\esperclient_ui\esperclient\joindlg.cpp(171): warning C4244: '인수': 'SOCKET'에서 'int'(으)로 변환하면서 데이터가 손실될 수 있습니다.
     1>c:\users\woopc\source\repos\esper\client\esperclient_ui\esperclient\joindlg.cpp(213): warning C4244: '인수': 'SOCKET'에서 'int'(으)로 변환하면서 데이터가 손실될 수 있습니다.
     1>c:\users\woopc\source\repos\esper\client\esperclient_ui\esperclient\joindlg.cpp(214): warning C4244: '인수': 'SOCKET'에서 'int'(으)로 변환하면서 데이터가 손실될 수 있습니다.
     1>c:\users\woopc\source\repos\esper\client\esperclient_ui\esperclient\joindlg.cpp(271): warning C4244: '인수': 'SOCKET'에서 'int'(으)로 변환하면서 데이터가 손실될 수 있습니다.
     1>c:\users\woopc\source\repos\esper\client\esperclient_ui\esperclient\joindlg.cpp(272): warning C4244: '인수': 'SOCKET'에서 'int'(으)로 변환하면서 데이터가 손실될 수 있습니다.
         FileLayer.cpp
     1>c:\users\woopc\source\repos\esper\client\esperclient_ui\lib\include\algparam.h(277): warning C4297: 'CryptoPP::AlgorithmParametersBase::~AlgorithmParametersBase': 함수는 예외를 Throw하지 않도록 지정되었으나 예외를 Throw했습니다.
         c:\users\woopc\source\repos\esper\client\esperclient_ui\lib\include\algparam.h(277): note: 소멸자 또는 비할당자는 가능하면 암시적으로 throw되지 않는 예외 사양을 사용합니다.
     1>c:\users\woopc\source\repos\esper\client\esperclient_ui\esperclient\filelayer.cpp(34): warning C4267: '인수': 'size_t'에서 'DWORD'(으)로 변환하면서 데이터가 손실될 수 있습니다.
     1>c:\users\woopc\source\repos\esper\client\esperclient_ui\esperclient\filelayer.cpp(39): warning C4267: '인수': 'size_t'에서 'DWORD'(으)로 변환하면서 데이터가 손실될 수 있습니다.
     1>c:\users\woopc\source\repos\esper\client\esperclient_ui\esperclient\filelayer.cpp(52): warning C4267: '=': 'size_t'에서 'DWORD'(으)로 변환하면서 데이터가 손실될 수 있습니다.
     1>c:\users\woopc\source\repos\esper\client\esperclient_ui\esperclient\filelayer.cpp(122): warning C4267: '=': 'size_t'에서 'int'(으)로 변환하면서 데이터가 손실될 수 있습니다.
     1>c:\users\woopc\source\repos\esper\client\esperclient_ui\esperclient\filelayer.cpp(185): warning C4267: '=': 'size_t'에서 'int'(으)로 변환하면서 데이터가 손실될 수 있습니다.
     1>c:\users\woopc\source\repos\esper\client\esperclient_ui\esperclient\filelayer.cpp(209): warning C4267: '인수': 'size_t'에서 'DWORD'(으)로 변환하면서 데이터가 손실될 수 있습니다.
     1>c:\users\woopc\source\repos\esper\client\esperclient_ui\esperclient\filelayer.cpp(214): warning C4267: '인수': 'size_t'에서 'DWORD'(으)로 변환하면서 데이터가 손실될 수 있습니다.
     1>c:\users\woopc\source\repos\esper\client\esperclient_ui\esperclient\filelayer.cpp(229): warning C4267: '초기화 중': 'size_t'에서 'int'(으)로 변환하면서 데이터가 손실될 수 있습니다.
     1>c:\users\woopc\source\repos\esper\client\esperclient_ui\esperclient\filelayer.cpp(240): warning C4267: '=': 'size_t'에서 'unsigned char'(으)로 변환하면서 데이터가 손실될 수 있습니다.
     1>c:\users\woopc\source\repos\esper\client\esperclient_ui\esperclient\filelayer.cpp(257): warning C4267: '=': 'size_t'에서 'unsigned char'(으)로 변환하면서 데이터가 손실될 수 있습니다.
     1>c:\users\woopc\source\repos\esper\client\esperclient_ui\esperclient\filelayer.cpp(290): warning C4267: '=': 'size_t'에서 'int'(으)로 변환하면서 데이터가 손실될 수 있습니다.
     1>c:\users\woopc\source\repos\esper\client\esperclient_ui\esperclient\filelayer.cpp(357): warning C4267: '=': 'size_t'에서 'int'(으)로 변환하면서 데이터가 손실될 수 있습니다.
     1>c:\users\woopc\source\repos\esper\client\esperclient_ui\esperclient\filelayer.cpp(394): warning C4267: '=': 'size_t'에서 'DWORD'(으)로 변환하면서 데이터가 손실될 수 있습니다.
     1>c:\users\woopc\source\repos\esper\client\esperclient_ui\esperclient\filelayer.cpp(402): warning C4267: '=': 'size_t'에서 'DWORD'(으)로 변환하면서 데이터가 손실될 수 있습니다.
         EsperClientDlg.cpp
         _WIN32_WINNT not defined. Defaulting to _WIN32_WINNT_MAXVER (see WinSDKVer.h)
     1>c:\users\woopc\source\repos\esper\client\esperclient_ui\esperclient\esperclientdlg.cpp(196): warning C4244: '인수': 'SOCKET'에서 'int'(으)로 변환하면서 데이터가 손실될 수 있습니다.
     1>c:\users\woopc\source\repos\esper\client\esperclient_ui\esperclient\esperclientdlg.cpp(201): warning C4244: '인수': 'SOCKET'에서 'int'(으)로 변환하면서 데이터가 손실될 수 있습니다.
         EsperClient.cpp
         Communication.cpp
     1>c:\users\woopc\source\repos\esper\client\esperclient_ui\esperclient\communication.cpp(138): warning C4267: '인수': 'size_t'에서 'int'(으)로 변환하면서 데이터가 손실될 수 있습니다.
         코드를 생성하고 있습니다...
     1>c:\users\woopc\source\repos\esper\client\esperclient_ui\esperclient\esperclientdlg.cpp(232): warning C4715: 'CEsperClientDlg::OnInitDialog': 모든 제어 경로에서 값을 반환하지는 않습니다.
       ResourceCompile:
         C:\Program Files (x86)\Windows Kits\8.1\bin\x86\rc.exe /D _DEBUG /D _UNICODE /D UNICODE /D _AFXDLL /l"0x0412" /Ix64\Debug\ /nologo /fo"x64\Debug\EsperClient.res" EsperClient.rc 
       Link:
         C:\Program Files (x86)\Microsoft Visual Studio 14.0\VC\bin\x86_amd64\link.exe /ERRORREPORT:PROMPT /OUT:"C:\Users\wooPC\Source\Repos\Esper\Client\EsperClient_UI\x64\Debug\EsperClient.exe" /INCREMENTAL /NOLOGO /LIBPATH:C:\Users\wooPC\Source\Repos\Esper\Client\EsperClient_UI\Lib\lib cryptlib.lib /MANIFEST /MANIFESTUAC:"level='asInvoker' uiAccess='false'" /manifest:embed /manifestinput:"C:\Program Files (x86)\Microsoft Visual Studio 14.0\VC\Include\Manifest\dpiaware.manifest" /Debug /PDB:"C:\Users\wooPC\Source\Repos\Esper\Client\EsperClient_UI\x64\Debug\EsperClient.pdb" /SUBSYSTEM:WINDOWS /TLBID:1 /ENTRY:"wWinMainCRTStartup" /DYNAMICBASE /NXCOMPAT /IMPLIB:"C:\Users\wooPC\Source\Repos\Esper\Client\EsperClient_UI\x64\Debug\EsperClient.lib" /MACHINE:X64 x64\Debug\EsperClient.res
         x64\Debug\Communication.obj
         x64\Debug\EsperClient.obj
         x64\Debug\EsperClientDlg.obj
         x64\Debug\FileLayer.obj
         x64\Debug\JoinDlg.obj
         x64\Debug\jsoncpp.obj
         x64\Debug\LoginDlg.obj
         x64\Debug\SettingDlg.obj
         x64\Debug\stdafx.obj
         x64\Debug\WrapDlg.obj
     1>FileLayer.obj : error LNK2019: "public: __cdecl CryptoPP::Algorithm::Algorithm(bool)" (??0Algorithm@CryptoPP@@QEAA@_N@Z) 외부 기호(참조 위치: "public: __cdecl CryptoPP::BlockTransformation::BlockTransformation(void)" (??0BlockTransformation@CryptoPP@@QEAA@XZ) 함수)에서 확인하지 못했습니다.
     1>FileLayer.obj : error LNK2019: "public: virtual void __cdecl CryptoPP::SimpleKeyingInterface::SetKey(unsigned char const *,unsigned __int64,class CryptoPP::NameValuePairs const &)" (?SetKey@SimpleKeyingInterface@CryptoPP@@UEAAXPEBE_KAEBVNameValuePairs@2@@Z) 외부 기호(참조 위치: "public: __cdecl CryptoPP::BlockCipherFinal<1,class CryptoPP::Rijndael::Dec>::BlockCipherFinal<1,class CryptoPP::Rijndael::Dec>(unsigned char const *,unsigned __int64)" (??0?$BlockCipherFinal@$00VDec@Rijndael@CryptoPP@@@CryptoPP@@QEAA@PEBE_K@Z) 함수)에서 확인하지 못했습니다.
     1>FileLayer.obj : error LNK2001: "public: virtual void __cdecl CryptoPP::SimpleKeyingInterface::GetNextIV(class CryptoPP::RandomNumberGenerator &,unsigned char *)" (?GetNextIV@SimpleKeyingInterface@CryptoPP@@UEAAXAEAVRandomNumberGenerator@2@PEAE@Z) 외부 기호를 확인할 수 없습니다.
     1>FileLayer.obj : error LNK2019: "protected: void __cdecl CryptoPP::SimpleKeyingInterface::ThrowIfInvalidIV(unsigned char const *)" (?ThrowIfInvalidIV@SimpleKeyingInterface@CryptoPP@@IEAAXPEBE@Z) 외부 기호(참조 위치: "public: void __cdecl CryptoPP::CipherModeBase::SetCipherWithIV(class CryptoPP::BlockCipher &,unsigned char const *,int)" (?SetCipherWithIV@CipherModeBase@CryptoPP@@QEAAXAEAVBlockCipher@2@PEBEH@Z) 함수)에서 확인하지 못했습니다.
     1>FileLayer.obj : error LNK2019: "protected: unsigned __int64 __cdecl CryptoPP::SimpleKeyingInterface::ThrowIfInvalidIVLength(int)" (?ThrowIfInvalidIVLength@SimpleKeyingInterface@CryptoPP@@IEAA_KH@Z) 외부 기호(참조 위치: "public: virtual void __cdecl CryptoPP::BlockOrientedCipherModeBase::Resynchronize(unsigned char const *,int)" (?Resynchronize@BlockOrientedCipherModeBase@CryptoPP@@UEAAXPEBEH@Z) 함수)에서 확인하지 못했습니다.
     1>FileLayer.obj : error LNK2001: "public: virtual unsigned int __cdecl CryptoPP::BlockTransformation::OptimalDataAlignment(void)const " (?OptimalDataAlignment@BlockTransformation@CryptoPP@@UEBAIXZ) 외부 기호를 확인할 수 없습니다.
     1>FileLayer.obj : error LNK2001: "public: virtual void __cdecl CryptoPP::StreamTransformation::ProcessLastBlock(unsigned char *,unsigned char const *,unsigned __int64)" (?ProcessLastBlock@StreamTransformation@CryptoPP@@UEAAXPEAEPEBE_K@Z) 외부 기호를 확인할 수 없습니다.
     1>FileLayer.obj : error LNK2001: "public: virtual unsigned int __cdecl CryptoPP::BufferedTransformation::GetMaxWaitObjectCount(void)const " (?GetMaxWaitObjectCount@BufferedTransformation@CryptoPP@@UEBAIXZ) 외부 기호를 확인할 수 없습니다.
     1>FileLayer.obj : error LNK2001: "public: virtual void __cdecl CryptoPP::BufferedTransformation::GetWaitObjects(class CryptoPP::WaitObjectContainer &,class CryptoPP::CallStack const &)" (?GetWaitObjects@BufferedTransformation@CryptoPP@@UEAAXAEAVWaitObjectContainer@2@AEBVCallStack@2@@Z) 외부 기호를 확인할 수 없습니다.
     1>FileLayer.obj : error LNK2001: "public: virtual void __cdecl CryptoPP::BufferedTransformation::Initialize(class CryptoPP::NameValuePairs const &,int)" (?Initialize@BufferedTransformation@CryptoPP@@UEAAXAEBVNameValuePairs@2@H@Z) 외부 기호를 확인할 수 없습니다.
     1>FileLayer.obj : error LNK2001: "public: virtual bool __cdecl CryptoPP::BufferedTransformation::Flush(bool,int,bool)" (?Flush@BufferedTransformation@CryptoPP@@UEAA_N_NH0@Z) 외부 기호를 확인할 수 없습니다.
     1>FileLayer.obj : error LNK2001: "public: virtual bool __cdecl CryptoPP::BufferedTransformation::MessageSeriesEnd(int,bool)" (?MessageSeriesEnd@BufferedTransformation@CryptoPP@@UEAA_NH_N@Z) 외부 기호를 확인할 수 없습니다.
     1>FileLayer.obj : error LNK2001: "public: virtual unsigned __int64 __cdecl CryptoPP::BufferedTransformation::MaxRetrievable(void)const " (?MaxRetrievable@BufferedTransformation@CryptoPP@@UEBA_KXZ) 외부 기호를 확인할 수 없습니다.
     1>FileLayer.obj : error LNK2001: "public: virtual bool __cdecl CryptoPP::BufferedTransformation::AnyRetrievable(void)const " (?AnyRetrievable@BufferedTransformation@CryptoPP@@UEBA_NXZ) 외부 기호를 확인할 수 없습니다.
     1>FileLayer.obj : error LNK2001: "public: virtual unsigned __int64 __cdecl CryptoPP::BufferedTransformation::Get(unsigned char &)" (?Get@BufferedTransformation@CryptoPP@@UEAA_KAEAE@Z) 외부 기호를 확인할 수 없습니다.
     1>FileLayer.obj : error LNK2001: "public: virtual unsigned __int64 __cdecl CryptoPP::BufferedTransformation::Get(unsigned char *,unsigned __int64)" (?Get@BufferedTransformation@CryptoPP@@UEAA_KPEAE_K@Z) 외부 기호를 확인할 수 없습니다.
     1>FileLayer.obj : error LNK2001: "public: virtual unsigned __int64 __cdecl CryptoPP::BufferedTransformation::Peek(unsigned char &)const " (?Peek@BufferedTransformation@CryptoPP@@UEBA_KAEAE@Z) 외부 기호를 확인할 수 없습니다.
     1>FileLayer.obj : error LNK2001: "public: virtual unsigned __int64 __cdecl CryptoPP::BufferedTransformation::Peek(unsigned char *,unsigned __int64)const " (?Peek@BufferedTransformation@CryptoPP@@UEBA_KPEAE_K@Z) 외부 기호를 확인할 수 없습니다.
     1>FileLayer.obj : error LNK2001: "public: virtual unsigned __int64 __cdecl CryptoPP::BufferedTransformation::Skip(unsigned __int64)" (?Skip@BufferedTransformation@CryptoPP@@UEAA_K_K@Z) 외부 기호를 확인할 수 없습니다.
     1>FileLayer.obj : error LNK2001: "public: virtual unsigned __int64 __cdecl CryptoPP::BufferedTransformation::TotalBytesRetrievable(void)const " (?TotalBytesRetrievable@BufferedTransformation@CryptoPP@@UEBA_KXZ) 외부 기호를 확인할 수 없습니다.
     1>FileLayer.obj : error LNK2001: "public: virtual unsigned int __cdecl CryptoPP::BufferedTransformation::NumberOfMessages(void)const " (?NumberOfMessages@BufferedTransformation@CryptoPP@@UEBAIXZ) 외부 기호를 확인할 수 없습니다.
     1>FileLayer.obj : error LNK2001: "public: virtual bool __cdecl CryptoPP::BufferedTransformation::AnyMessages(void)const " (?AnyMessages@BufferedTransformation@CryptoPP@@UEBA_NXZ) 외부 기호를 확인할 수 없습니다.
     1>FileLayer.obj : error LNK2001: "public: virtual bool __cdecl CryptoPP::BufferedTransformation::GetNextMessage(void)" (?GetNextMessage@BufferedTransformation@CryptoPP@@UEAA_NXZ) 외부 기호를 확인할 수 없습니다.
     1>FileLayer.obj : error LNK2001: "public: virtual unsigned int __cdecl CryptoPP::BufferedTransformation::SkipMessages(unsigned int)" (?SkipMessages@BufferedTransformation@CryptoPP@@UEAAII@Z) 외부 기호를 확인할 수 없습니다.
     1>FileLayer.obj : error LNK2001: "public: virtual void __cdecl CryptoPP::BufferedTransformation::SkipAll(void)" (?SkipAll@BufferedTransformation@CryptoPP@@UEAAXXZ) 외부 기호를 확인할 수 없습니다.
     1>FileLayer.obj : error LNK2001: "public: virtual unsigned char * __cdecl CryptoPP::BufferedTransformation::ChannelCreatePutSpace(class std::basic_string<char,struct std::char_traits<char>,class std::allocator<char> > const &,unsigned __int64 &)" (?ChannelCreatePutSpace@BufferedTransformation@CryptoPP@@UEAAPEAEAEBV?$basic_string@DU?$char_traits@D@std@@V?$allocator@D@2@@std@@AEA_K@Z) 외부 기호를 확인할 수 없습니다.
     1>FileLayer.obj : error LNK2001: "public: virtual unsigned __int64 __cdecl CryptoPP::BufferedTransformation::ChannelPut2(class std::basic_string<char,struct std::char_traits<char>,class std::allocator<char> > const &,unsigned char const *,unsigned __int64,int,bool)" (?ChannelPut2@BufferedTransformation@CryptoPP@@UEAA_KAEBV?$basic_string@DU?$char_traits@D@std@@V?$allocator@D@2@@std@@PEBE_KH_N@Z) 외부 기호를 확인할 수 없습니다.
     1>FileLayer.obj : error LNK2001: "public: virtual unsigned __int64 __cdecl CryptoPP::BufferedTransformation::ChannelPutModifiable2(class std::basic_string<char,struct std::char_traits<char>,class std::allocator<char> > const &,unsigned char *,unsigned __int64,int,bool)" (?ChannelPutModifiable2@BufferedTransformation@CryptoPP@@UEAA_KAEBV?$basic_string@DU?$char_traits@D@std@@V?$allocator@D@2@@std@@PEAE_KH_N@Z) 외부 기호를 확인할 수 없습니다.
     1>FileLayer.obj : error LNK2001: "public: virtual bool __cdecl CryptoPP::BufferedTransformation::ChannelFlush(class std::basic_string<char,struct std::char_traits<char>,class std::allocator<char> > const &,bool,int,bool)" (?ChannelFlush@BufferedTransformation@CryptoPP@@UEAA_NAEBV?$basic_string@DU?$char_traits@D@std@@V?$allocator@D@2@@std@@_NH1@Z) 외부 기호를 확인할 수 없습니다.
     1>FileLayer.obj : error LNK2001: "public: virtual bool __cdecl CryptoPP::BufferedTransformation::ChannelMessageSeriesEnd(class std::basic_string<char,struct std::char_traits<char>,class std::allocator<char> > const &,int,bool)" (?ChannelMessageSeriesEnd@BufferedTransformation@CryptoPP@@UEAA_NAEBV?$basic_string@DU?$char_traits@D@std@@V?$allocator@D@2@@std@@H_N@Z) 외부 기호를 확인할 수 없습니다.
     1>FileLayer.obj : error LNK2001: "public: virtual void __cdecl CryptoPP::BufferedTransformation::SetRetrievalChannel(class std::basic_string<char,struct std::char_traits<char>,class std::allocator<char> > const &)" (?SetRetrievalChannel@BufferedTransformation@CryptoPP@@UEAAXAEBV?$basic_string@DU?$char_traits@D@std@@V?$allocator@D@2@@std@@@Z) 외부 기호를 확인할 수 없습니다.
     1>FileLayer.obj : error LNK2001: "public: virtual void __cdecl CryptoPP::BufferedTransformation::Attach(class CryptoPP::BufferedTransformation *)" (?Attach@BufferedTransformation@CryptoPP@@UEAAXPEAV12@@Z) 외부 기호를 확인할 수 없습니다.
     1>FileLayer.obj : error LNK2019: "void * __cdecl CryptoPP::AlignedAllocate(unsigned __int64)" (?AlignedAllocate@CryptoPP@@YAPEAX_K@Z) 외부 기호(참조 위치: "public: unsigned char * __cdecl CryptoPP::AllocatorWithCleanup<unsigned char,1>::allocate(unsigned __int64,void const *)" (?allocate@?$AllocatorWithCleanup@E$00@CryptoPP@@QEAAPEAE_KPEBX@Z) 함수)에서 확인하지 못했습니다.
     1>FileLayer.obj : error LNK2019: "void __cdecl CryptoPP::AlignedDeallocate(void *)" (?AlignedDeallocate@CryptoPP@@YAXPEAX@Z) 외부 기호(참조 위치: "public: void __cdecl CryptoPP::AllocatorWithCleanup<unsigned char,1>::deallocate(void *,unsigned __int64)" (?deallocate@?$AllocatorWithCleanup@E$00@CryptoPP@@QEAAXPEAX_K@Z) 함수)에서 확인하지 못했습니다.
     1>FileLayer.obj : error LNK2019: "void * __cdecl CryptoPP::UnalignedAllocate(unsigned __int64)" (?UnalignedAllocate@CryptoPP@@YAPEAX_K@Z) 외부 기호(참조 위치: "public: unsigned char * __cdecl CryptoPP::AllocatorWithCleanup<unsigned char,1>::allocate(unsigned __int64,void const *)" (?allocate@?$AllocatorWithCleanup@E$00@CryptoPP@@QEAAPEAE_KPEBX@Z) 함수)에서 확인하지 못했습니다.
     1>FileLayer.obj : error LNK2019: "void __cdecl CryptoPP::UnalignedDeallocate(void *)" (?UnalignedDeallocate@CryptoPP@@YAXPEAX@Z) 외부 기호(참조 위치: "public: void __cdecl CryptoPP::AllocatorWithCleanup<unsigned char,1>::deallocate(void *,unsigned __int64)" (?deallocate@?$AllocatorWithCleanup@E$00@CryptoPP@@QEAAXPEAX_K@Z) 함수)에서 확인하지 못했습니다.
     1>FileLayer.obj : error LNK2001: "public: virtual void __cdecl CryptoPP::BlockOrientedCipherModeBase::UncheckedSetKey(unsigned char const *,unsigned int,class CryptoPP::NameValuePairs const &)" (?UncheckedSetKey@BlockOrientedCipherModeBase@CryptoPP@@UEAAXPEBEIAEBVNameValuePairs@2@@Z) 외부 기호를 확인할 수 없습니다.
     1>FileLayer.obj : error LNK2001: "public: virtual void __cdecl CryptoPP::CBC_Encryption::ProcessData(unsigned char *,unsigned char const *,unsigned __int64)" (?ProcessData@CBC_Encryption@CryptoPP@@UEAAXPEAEPEBE_K@Z) 외부 기호를 확인할 수 없습니다.
     1>FileLayer.obj : error LNK2001: "public: virtual void __cdecl CryptoPP::CBC_Decryption::ProcessData(unsigned char *,unsigned char const *,unsigned __int64)" (?ProcessData@CBC_Decryption@CryptoPP@@UEAAXPEAEPEBE_K@Z) 외부 기호를 확인할 수 없습니다.
     1>FileLayer.obj : error LNK2001: "public: virtual void __cdecl CryptoPP::Rijndael::Base::UncheckedSetKey(unsigned char const *,unsigned int,class CryptoPP::NameValuePairs const &)" (?UncheckedSetKey@Base@Rijndael@CryptoPP@@UEAAXPEBEIAEBVNameValuePairs@3@@Z) 외부 기호를 확인할 수 없습니다.
     1>FileLayer.obj : error LNK2001: "public: virtual void __cdecl CryptoPP::Rijndael::Enc::ProcessAndXorBlock(unsigned char const *,unsigned char const *,unsigned char *)const " (?ProcessAndXorBlock@Enc@Rijndael@CryptoPP@@UEBAXPEBE0PEAE@Z) 외부 기호를 확인할 수 없습니다.
     1>FileLayer.obj : error LNK2001: "public: virtual unsigned __int64 __cdecl CryptoPP::Rijndael::Enc::AdvancedProcessBlocks(unsigned char const *,unsigned char const *,unsigned char *,unsigned __int64,unsigned int)const " (?AdvancedProcessBlocks@Enc@Rijndael@CryptoPP@@UEBA_KPEBE0PEAE_KI@Z) 외부 기호를 확인할 수 없습니다.
     1>FileLayer.obj : error LNK2001: "public: virtual void __cdecl CryptoPP::Rijndael::Dec::ProcessAndXorBlock(unsigned char const *,unsigned char const *,unsigned char *)const " (?ProcessAndXorBlock@Dec@Rijndael@CryptoPP@@UEBAXPEBE0PEAE@Z) 외부 기호를 확인할 수 없습니다.
     1>FileLayer.obj : error LNK2001: "public: virtual unsigned __int64 __cdecl CryptoPP::Rijndael::Dec::AdvancedProcessBlocks(unsigned char const *,unsigned char const *,unsigned char *,unsigned __int64,unsigned int)const " (?AdvancedProcessBlocks@Dec@Rijndael@CryptoPP@@UEBA_KPEBE0PEAE_KI@Z) 외부 기호를 확인할 수 없습니다.
     1>FileLayer.obj : error LNK2019: "public: __cdecl CryptoPP::StreamTransformationFilter::StreamTransformationFilter(class CryptoPP::StreamTransformation &,class CryptoPP::BufferedTransformation *,enum CryptoPP::BlockPaddingSchemeDef::BlockPaddingScheme,bool)" (??0StreamTransformationFilter@CryptoPP@@QEAA@AEAVStreamTransformation@1@PEAVBufferedTransformation@1@W4BlockPaddingScheme@BlockPaddingSchemeDef@1@_N@Z) 외부 기호(참조 위치: "private: void __cdecl CDecrypt::DecryptByAES(class std::basic_string<char,struct std::char_traits<char>,class std::allocator<char> > &,struct ST_BLOCK_ENC_DATA &)" (?DecryptByAES@CDecrypt@@AEAAXAEAV?$basic_string@DU?$char_traits@D@std@@V?$allocator@D@2@@std@@AEAUST_BLOCK_ENC_DATA@@@Z) 함수)에서 확인하지 못했습니다.
     1>FileLayer.obj : error LNK2001: "class CryptoPP::NameValuePairs const & const CryptoPP::g_nullNameValuePairs" (?g_nullNameValuePairs@CryptoPP@@3AEBVNameValuePairs@1@EB) 외부 기호를 확인할 수 없습니다.
     1>C:\Users\wooPC\Source\Repos\Esper\Client\EsperClient_UI\Lib\lib\cryptlib.lib : warning LNK4272: 'X86' 라이브러리 컴퓨터 종류가 'x64' 대상 컴퓨터 종류와 충돌합니다.
     1>C:\Users\wooPC\Source\Repos\Esper\Client\EsperClient_UI\x64\Debug\EsperClient.exe : fatal error LNK1120: 46개의 확인할 수 없는 외부 참조입니다.
     1>"C:\Users\wooPC\Source\Repos\Esper\Client\EsperClient_UI\EsperClient\EsperClient.vcxproj" 프로젝트를 빌드했습니다(Build 대상). - 실패

빌드하지 못했습니다.

경과 시간: 00:00:28.97
